{"/home/nikos/JS/To-do-or-not-to-do/src/add.js": {"path":"/home/nikos/JS/To-do-or-not-to-do/src/add.js","statementMap":{"0":{"start":{"line":6,"column":20},"end":{"line":6,"column":56}},"1":{"start":{"line":7,"column":2},"end":{"line":7,"column":21}},"2":{"start":{"line":9,"column":14},"end":{"line":13,"column":3}},"3":{"start":{"line":15,"column":2},"end":{"line":15,"column":21}},"4":{"start":{"line":16,"column":2},"end":{"line":16,"column":21}},"5":{"start":{"line":17,"column":2},"end":{"line":17,"column":23}},"6":{"start":{"line":19,"column":2},"end":{"line":19,"column":20}},"7":{"start":{"line":20,"column":2},"end":{"line":20,"column":18}}},"fnMap":{"0":{"name":"addTask","decl":{"start":{"line":5,"column":24},"end":{"line":5,"column":31}},"loc":{"start":{"line":5,"column":35},"end":{"line":21,"column":1}},"line":5}},"branchMap":{},"s":{"0":1,"1":1,"2":1,"3":1,"4":1,"5":1,"6":1,"7":1},"f":{"0":1},"b":{},"_coverageSchema":"1a1c01bbd47fc00a2c39e90264f33305004495a9","hash":"5eb2e9eef7a98468123d5d9d68db36f6bde9e3ca"}
,"/home/nikos/JS/To-do-or-not-to-do/src/delete.js": {"path":"/home/nikos/JS/To-do-or-not-to-do/src/delete.js","statementMap":{"0":{"start":{"line":8,"column":2},"end":{"line":12,"column":3}},"1":{"start":{"line":8,"column":15},"end":{"line":8,"column":34}},"2":{"start":{"line":9,"column":4},"end":{"line":11,"column":5}},"3":{"start":{"line":10,"column":6},"end":{"line":10,"column":28}},"4":{"start":{"line":13,"column":2},"end":{"line":13,"column":23}},"5":{"start":{"line":14,"column":2},"end":{"line":17,"column":3}},"6":{"start":{"line":14,"column":15},"end":{"line":14,"column":16}},"7":{"start":{"line":15,"column":4},"end":{"line":15,"column":26}},"8":{"start":{"line":16,"column":4},"end":{"line":16,"column":31}},"9":{"start":{"line":18,"column":2},"end":{"line":18,"column":20}},"10":{"start":{"line":22,"column":2},"end":{"line":22,"column":28}},"11":{"start":{"line":23,"column":2},"end":{"line":23,"column":23}},"12":{"start":{"line":24,"column":2},"end":{"line":27,"column":3}},"13":{"start":{"line":24,"column":15},"end":{"line":24,"column":16}},"14":{"start":{"line":25,"column":4},"end":{"line":25,"column":26}},"15":{"start":{"line":26,"column":4},"end":{"line":26,"column":31}},"16":{"start":{"line":28,"column":2},"end":{"line":28,"column":20}}},"fnMap":{"0":{"name":"onClickClear","decl":{"start":{"line":7,"column":16},"end":{"line":7,"column":28}},"loc":{"start":{"line":7,"column":31},"end":{"line":19,"column":1}},"line":7},"1":{"name":"onClickDelete","decl":{"start":{"line":21,"column":16},"end":{"line":21,"column":29}},"loc":{"start":{"line":21,"column":37},"end":{"line":29,"column":1}},"line":21}},"branchMap":{"0":{"loc":{"start":{"line":9,"column":4},"end":{"line":11,"column":5}},"type":"if","locations":[{"start":{"line":9,"column":4},"end":{"line":11,"column":5}},{"start":{"line":9,"column":4},"end":{"line":11,"column":5}}],"line":9}},"s":{"0":0,"1":0,"2":0,"3":0,"4":0,"5":0,"6":0,"7":0,"8":0,"9":0,"10":0,"11":0,"12":0,"13":0,"14":0,"15":0,"16":0},"f":{"0":0,"1":0},"b":{"0":[0,0]},"_coverageSchema":"1a1c01bbd47fc00a2c39e90264f33305004495a9","hash":"c846e7fa67a4cc9b996ad1b80dcb6cc4c6f5084d"}
,"/home/nikos/JS/To-do-or-not-to-do/src/sortList.js": {"path":"/home/nikos/JS/To-do-or-not-to-do/src/sortList.js","statementMap":{"0":{"start":{"line":1,"column":14},"end":{"line":1,"column":103}},"1":{"start":{"line":2,"column":18},"end":{"line":2,"column":103}},"2":{"start":{"line":3,"column":17},"end":{"line":3,"column":19}},"3":{"start":{"line":4,"column":0},"end":{"line":11,"column":1}},"4":{"start":{"line":4,"column":13},"end":{"line":4,"column":14}},"5":{"start":{"line":5,"column":14},"end":{"line":9,"column":3}},"6":{"start":{"line":10,"column":2},"end":{"line":10,"column":21}}},"fnMap":{},"branchMap":{"0":{"loc":{"start":{"line":1,"column":14},"end":{"line":1,"column":103}},"type":"cond-expr","locations":[{"start":{"line":1,"column":52},"end":{"line":1,"column":98}},{"start":{"line":1,"column":101},"end":{"line":1,"column":103}}],"line":1},"1":{"loc":{"start":{"line":2,"column":18},"end":{"line":2,"column":103}},"type":"cond-expr","locations":[{"start":{"line":2,"column":54},"end":{"line":2,"column":98}},{"start":{"line":2,"column":101},"end":{"line":2,"column":103}}],"line":2}},"s":{"0":2,"1":2,"2":2,"3":2,"4":2,"5":0,"6":0},"f":{},"b":{"0":[0,2],"1":[0,2]},"_coverageSchema":"1a1c01bbd47fc00a2c39e90264f33305004495a9","hash":"3bebffc9d896c26aa68f1239ebc9699870c228f1"}
,"/home/nikos/JS/To-do-or-not-to-do/src/storage.js": {"path":"/home/nikos/JS/To-do-or-not-to-do/src/storage.js","statementMap":{"0":{"start":{"line":2,"column":2},"end":{"line":7,"column":3}},"1":{"start":{"line":2,"column":15},"end":{"line":2,"column":16}},"2":{"start":{"line":3,"column":16},"end":{"line":3,"column":35}},"3":{"start":{"line":4,"column":16},"end":{"line":4,"column":85}},"4":{"start":{"line":5,"column":4},"end":{"line":5,"column":23}},"5":{"start":{"line":6,"column":4},"end":{"line":6,"column":35}}},"fnMap":{"0":{"name":"updateStorage","decl":{"start":{"line":1,"column":9},"end":{"line":1,"column":22}},"loc":{"start":{"line":1,"column":28},"end":{"line":8,"column":1}},"line":1}},"branchMap":{"0":{"loc":{"start":{"line":4,"column":16},"end":{"line":4,"column":85}},"type":"cond-expr","locations":[{"start":{"line":4,"column":44},"end":{"line":4,"column":80}},{"start":{"line":4,"column":83},"end":{"line":4,"column":85}}],"line":4}},"s":{"0":1,"1":1,"2":3,"3":3,"4":3,"5":3},"f":{"0":1},"b":{"0":[3,0]},"_coverageSchema":"1a1c01bbd47fc00a2c39e90264f33305004495a9","hash":"66676a4f275231b37184a91be5b8d1f7d690390b"}
}
