TN:
SF:src/add.js
FN:5,addTask
FNF:1
FNH:1
FNDA:1,addTask
DA:6,1
DA:7,1
DA:9,1
DA:15,1
DA:16,1
DA:17,1
DA:19,1
DA:20,1
LF:8
LH:8
BRF:0
BRH:0
end_of_record
TN:
SF:src/delete.js
FN:7,onClickClear
FN:21,onClickDelete
FNF:2
FNH:0
FNDA:0,onClickClear
FNDA:0,onClickDelete
DA:8,0
DA:9,0
DA:10,0
DA:13,0
DA:14,0
DA:15,0
DA:16,0
DA:18,0
DA:22,0
DA:23,0
DA:24,0
DA:25,0
DA:26,0
DA:28,0
LF:14
LH:0
BRDA:9,0,0,0
BRDA:9,0,1,0
BRF:2
BRH:0
end_of_record
TN:
SF:src/sortList.js
FNF:0
FNH:0
DA:1,2
DA:2,2
DA:3,2
DA:4,2
DA:5,0
DA:10,0
LF:6
LH:4
BRDA:1,0,0,0
BRDA:1,0,1,2
BRDA:2,1,0,0
BRDA:2,1,1,2
BRF:4
BRH:2
end_of_record
TN:
SF:src/storage.js
FN:1,updateStorage
FNF:1
FNH:1
FNDA:1,updateStorage
DA:2,1
DA:3,3
DA:4,3
DA:5,3
DA:6,3
LF:5
LH:5
BRDA:4,0,0,3
BRDA:4,0,1,0
BRF:2
BRH:1
end_of_record
